<?xml version="1.0" encoding="UTF-8"?>
<!-- Generated by org.testng.reporters.JUnitXMLReporter -->
<testsuite ignored="2" hostname="DESKTOP-91QHVES" failures="0" tests="1" name="Default test" time="43.185" errors="0" timestamp="2022-09-21T00:09:26 IST">
  <testcase classname="testcases.SimplilearnLoginTest" name="Test3" time="20.607"/>
  <testcase classname="testcases.SimplilearnLoginTest" name="Test2" time="0.0">
    <ignored/>
  </testcase> <!-- Test2 -->
  <testcase classname="testcases.SimplilearnLoginTest" name="Test1" time="0.0">
    <ignored/>
  </testcase> <!-- Test1 -->
</testsuite> <!-- Default test -->
