<?xml version="1.0" encoding="UTF-8"?>
<!-- Generated by org.testng.reporters.JUnitXMLReporter -->
<testsuite ignored="0" hostname="DESKTOP-91QHVES" failures="0" tests="3" name="Test" time="167.866" errors="0" timestamp="23 Sep 2022 16:21:31 GMT">
  <testcase classname="testcases.SimplilearnLoginTest" name="Test1" time="28.038"/>
  <testcase classname="testcases.SimplilearnLoginTest" name="Test2" time="45.456"/>
  <testcase classname="testcases.SimplilearnLoginTest" name="Test3" time="28.004"/>
</testsuite> <!-- Test -->
