<?xml version="1.0" encoding="UTF-8"?>
<!-- Generated by org.testng.reporters.JUnitXMLReporter -->
<testsuite ignored="0" hostname="DESKTOP-91QHVES" failures="0" tests="3" name="Test" time="163.727" errors="0" timestamp="2022-09-21T00:26:09 IST">
  <testcase classname="testcases.SimplilearnLoginTest" name="Test1" time="29.601"/>
  <testcase classname="testcases.SimplilearnLoginTest" name="Test2" time="26.001"/>
  <testcase classname="testcases.SimplilearnLoginTest" name="Test3" time="35.849"/>
</testsuite> <!-- Test -->
