<?xml version="1.0" encoding="UTF-8"?>
<!-- Generated by org.testng.reporters.JUnitXMLReporter -->
<testsuite ignored="0" hostname="DESKTOP-91QHVES" failures="0" tests="3" name="Test" time="105.025" errors="0" timestamp="2022-09-20T23:16:01 IST">
  <testcase classname="testcases.HomeTest" name="Test1" time="0.007"/>
  <testcase classname="testcases.SimplilearnLoginTest" name="Test1" time="21.822"/>
  <testcase classname="testcases.SimplilearnLoginTest" name="Test2" time="20.713"/>
</testsuite> <!-- Test -->
