<?xml version="1.0" encoding="UTF-8"?>
<!-- Generated by org.testng.reporters.JUnitXMLReporter -->
<testsuite ignored="0" hostname="DESKTOP-91QHVES" failures="0" tests="3" name="Test" time="115.264" errors="0" timestamp="24 Sep 2022 06:30:59 GMT">
  <testcase classname="testcases.SimplilearnLoginTest" name="Test1" time="20.509"/>
  <testcase classname="testcases.SimplilearnLoginTest" name="Test2" time="20.976"/>
  <testcase classname="testcases.SimplilearnLoginTest" name="Test3" time="22.136"/>
</testsuite> <!-- Test -->
