<?xml version="1.0" encoding="UTF-8"?>
<testng-results ignored="0" total="3" passed="3" failed="0" skipped="0">
  <reporter-output>
  </reporter-output>
  <suite started-at="2022-09-24T06:29:04Z" name="Suite" finished-at="2022-09-24T06:30:59Z" duration-ms="115264">
    <groups>
    </groups>
    <test started-at="2022-09-24T06:29:04Z" name="Test" finished-at="2022-09-24T06:30:59Z" duration-ms="115264">
      <class name="testcases.SimplilearnLoginTest">
        <test-method is-config="true" signature="DataSetup()[pri:0, instance:testcases.SimplilearnLoginTest@5be49b60]" started-at="2022-09-24T06:29:04Z" name="DataSetup" finished-at="2022-09-24T06:29:07Z" duration-ms="3877" status="PASS">
          <reporter-output>
          </reporter-output>
        </test-method> <!-- DataSetup -->
        <test-method is-config="true" signature="setup(java.lang.reflect.Method)[pri:0, instance:testcases.SimplilearnLoginTest@5be49b60]" started-at="2022-09-24T06:29:07Z" name="setup" finished-at="2022-09-24T06:29:24Z" duration-ms="16104" status="PASS">
          <params>
            <param index="0">
              <value>
                <![CDATA[public void testcases.SimplilearnLoginTest.Test1()]]>
              </value>
            </param>
          </params>
          <reporter-output>
          </reporter-output>
        </test-method> <!-- setup -->
        <test-method signature="Test1()[pri:0, instance:testcases.SimplilearnLoginTest@5be49b60]" started-at="2022-09-24T06:29:24Z" name="Test1" finished-at="2022-09-24T06:29:44Z" duration-ms="20509" status="PASS">
          <reporter-output>
          </reporter-output>
        </test-method> <!-- Test1 -->
        <test-method is-config="true" signature="TearDown()[pri:0, instance:testcases.SimplilearnLoginTest@5be49b60]" started-at="2022-09-24T06:29:44Z" name="TearDown" finished-at="2022-09-24T06:29:45Z" duration-ms="781" status="PASS">
          <reporter-output>
          </reporter-output>
        </test-method> <!-- TearDown -->
        <test-method is-config="true" signature="setup(java.lang.reflect.Method)[pri:0, instance:testcases.SimplilearnLoginTest@5be49b60]" started-at="2022-09-24T06:29:45Z" name="setup" finished-at="2022-09-24T06:29:58Z" duration-ms="12628" status="PASS">
          <params>
            <param index="0">
              <value>
                <![CDATA[public void testcases.SimplilearnLoginTest.Test2(java.lang.String,java.lang.String)]]>
              </value>
            </param>
          </params>
          <reporter-output>
          </reporter-output>
        </test-method> <!-- setup -->
        <test-method signature="Test2(java.lang.String, java.lang.String)[pri:0, instance:testcases.SimplilearnLoginTest@5be49b60]" started-at="2022-09-24T06:29:58Z" name="Test2" finished-at="2022-09-24T06:30:18Z" duration-ms="20976" status="PASS">
          <params>
            <param index="0">
              <value>
                <![CDATA[abcdef@xyz.com]]>
              </value>
            </param>
            <param index="1">
              <value>
                <![CDATA[Test@123]]>
              </value>
            </param>
          </params>
          <reporter-output>
          </reporter-output>
        </test-method> <!-- Test2 -->
        <test-method is-config="true" signature="TearDown()[pri:0, instance:testcases.SimplilearnLoginTest@5be49b60]" started-at="2022-09-24T06:30:18Z" name="TearDown" finished-at="2022-09-24T06:30:19Z" duration-ms="641" status="PASS">
          <reporter-output>
          </reporter-output>
        </test-method> <!-- TearDown -->
        <test-method is-config="true" signature="setup(java.lang.reflect.Method)[pri:0, instance:testcases.SimplilearnLoginTest@5be49b60]" started-at="2022-09-24T06:30:19Z" name="setup" finished-at="2022-09-24T06:30:34Z" duration-ms="15072" status="PASS">
          <params>
            <param index="0">
              <value>
                <![CDATA[public void testcases.SimplilearnLoginTest.Test3()]]>
              </value>
            </param>
          </params>
          <reporter-output>
          </reporter-output>
        </test-method> <!-- setup -->
        <test-method signature="Test3()[pri:0, instance:testcases.SimplilearnLoginTest@5be49b60]" started-at="2022-09-24T06:30:34Z" name="Test3" finished-at="2022-09-24T06:30:56Z" duration-ms="22136" status="PASS">
          <reporter-output>
          </reporter-output>
        </test-method> <!-- Test3 -->
        <test-method is-config="true" signature="TearDown()[pri:0, instance:testcases.SimplilearnLoginTest@5be49b60]" started-at="2022-09-24T06:30:56Z" name="TearDown" finished-at="2022-09-24T06:30:57Z" duration-ms="634" status="PASS">
          <reporter-output>
          </reporter-output>
        </test-method> <!-- TearDown -->
        <test-method is-config="true" signature="DataClean()[pri:0, instance:testcases.SimplilearnLoginTest@5be49b60]" started-at="2022-09-24T06:30:57Z" name="DataClean" finished-at="2022-09-24T06:30:59Z" duration-ms="1824" status="PASS">
          <reporter-output>
          </reporter-output>
        </test-method> <!-- DataClean -->
      </class> <!-- testcases.SimplilearnLoginTest -->
    </test> <!-- Test -->
  </suite> <!-- Suite -->
</testng-results>
