<?xml version="1.0" encoding="UTF-8"?>
<testng-results ignored="0" total="3" passed="3" failed="0" skipped="0">
  <reporter-output>
  </reporter-output>
  <suite started-at="2022-09-20T23:14:16 IST" name="Suite" finished-at="2022-09-20T23:16:01 IST" duration-ms="105025">
    <groups>
    </groups>
    <test started-at="2022-09-20T23:14:16 IST" name="Test" finished-at="2022-09-20T23:16:01 IST" duration-ms="105025">
      <class name="testcases.HomeTest">
        <test-method is-config="true" signature="setup()[pri:0, instance:testcases.HomeTest@483f6d77]" started-at="2022-09-20T23:14:16 IST" name="setup" finished-at="2022-09-20T23:14:41 IST" duration-ms="24271" status="PASS">
          <reporter-output>
          </reporter-output>
        </test-method> <!-- setup -->
        <test-method signature="Test1()[pri:0, instance:testcases.HomeTest@483f6d77]" started-at="2022-09-20T23:14:41 IST" name="Test1" finished-at="2022-09-20T23:14:41 IST" duration-ms="7" status="PASS">
          <reporter-output>
          </reporter-output>
        </test-method> <!-- Test1 -->
        <test-method is-config="true" signature="TearDown()[pri:0, instance:testcases.HomeTest@483f6d77]" started-at="2022-09-20T23:14:41 IST" name="TearDown" finished-at="2022-09-20T23:14:44 IST" duration-ms="3349" status="PASS">
          <reporter-output>
          </reporter-output>
        </test-method> <!-- TearDown -->
      </class> <!-- testcases.HomeTest -->
      <class name="testcases.SimplilearnLoginTest">
        <test-method is-config="true" signature="setup()[pri:0, instance:testcases.SimplilearnLoginTest@6392827e]" started-at="2022-09-20T23:14:44 IST" name="setup" finished-at="2022-09-20T23:15:00 IST" duration-ms="16086" status="PASS">
          <reporter-output>
          </reporter-output>
        </test-method> <!-- setup -->
        <test-method signature="Test1()[pri:0, instance:testcases.SimplilearnLoginTest@6392827e]" started-at="2022-09-20T23:15:00 IST" name="Test1" finished-at="2022-09-20T23:15:22 IST" duration-ms="21822" status="PASS">
          <reporter-output>
          </reporter-output>
        </test-method> <!-- Test1 -->
        <test-method is-config="true" signature="TearDown()[pri:0, instance:testcases.SimplilearnLoginTest@6392827e]" started-at="2022-09-20T23:15:22 IST" name="TearDown" finished-at="2022-09-20T23:15:23 IST" duration-ms="810" status="PASS">
          <reporter-output>
          </reporter-output>
        </test-method> <!-- TearDown -->
        <test-method is-config="true" signature="setup()[pri:0, instance:testcases.SimplilearnLoginTest@6392827e]" started-at="2022-09-20T23:15:23 IST" name="setup" finished-at="2022-09-20T23:15:40 IST" duration-ms="16773" status="PASS">
          <reporter-output>
          </reporter-output>
        </test-method> <!-- setup -->
        <test-method signature="Test2()[pri:0, instance:testcases.SimplilearnLoginTest@6392827e]" started-at="2022-09-20T23:15:40 IST" name="Test2" finished-at="2022-09-20T23:16:00 IST" duration-ms="20713" status="PASS">
          <reporter-output>
          </reporter-output>
        </test-method> <!-- Test2 -->
        <test-method is-config="true" signature="TearDown()[pri:0, instance:testcases.SimplilearnLoginTest@6392827e]" started-at="2022-09-20T23:16:00 IST" name="TearDown" finished-at="2022-09-20T23:16:01 IST" duration-ms="615" status="PASS">
          <reporter-output>
          </reporter-output>
        </test-method> <!-- TearDown -->
      </class> <!-- testcases.SimplilearnLoginTest -->
    </test> <!-- Test -->
  </suite> <!-- Suite -->
</testng-results>
